TN:
SF:src/deploy/Advanced.mjs
FN:5,<static_initializer>
FN:9,init
FN:20,start
FNF:3
FNH:3
FNDA:1,<static_initializer>
FNDA:1,init
FNDA:1,start
DA:1,1
DA:2,1
DA:3,1
DA:4,1
DA:5,1
DA:6,1
DA:7,1
DA:8,1
DA:9,1
DA:10,1
DA:11,1
DA:12,1
DA:13,1
DA:14,1
DA:15,1
DA:16,1
DA:17,1
DA:18,1
DA:19,1
DA:20,1
DA:21,1
DA:22,1
DA:23,1
DA:24,1
DA:25,1
DA:26,1
DA:27,1
DA:28,1
DA:29,1
DA:30,1
LF:30
LH:30
BRDA:1,0,0,1
BRDA:5,1,0,1
BRDA:9,2,0,1
BRDA:20,3,0,1
BRF:4
BRH:4
end_of_record
TN:
SF:src/deploy/Single.mjs
FN:7,<static_initializer>
FN:11,init
FN:45,start
FN:61,#localServer
FN:74,#remoteServer
FNF:5
FNH:4
FNDA:1,<static_initializer>
FNDA:2,init
FNDA:0,start
FNDA:1,#localServer
FNDA:1,#remoteServer
DA:1,1
DA:2,1
DA:3,1
DA:4,1
DA:5,1
DA:6,1
DA:7,1
DA:8,1
DA:9,1
DA:10,1
DA:11,1
DA:12,2
DA:13,2
DA:14,2
DA:15,2
DA:16,2
DA:17,2
DA:18,2
DA:19,2
DA:20,2
DA:21,2
DA:22,2
DA:23,2
DA:24,2
DA:25,2
DA:26,2
DA:27,2
DA:28,2
DA:29,2
DA:30,2
DA:31,2
DA:32,1
DA:33,1
DA:34,1
DA:35,1
DA:36,1
DA:37,1
DA:38,0
DA:39,0
DA:40,2
DA:41,2
DA:42,2
DA:43,1
DA:44,1
DA:45,1
DA:46,0
DA:47,0
DA:48,0
DA:49,0
DA:50,0
DA:51,0
DA:52,0
DA:53,0
DA:54,0
DA:55,0
DA:56,0
DA:57,0
DA:58,0
DA:59,1
DA:60,1
DA:61,1
DA:62,1
DA:63,1
DA:64,1
DA:65,1
DA:66,1
DA:67,1
DA:68,1
DA:69,1
DA:70,1
DA:71,1
DA:72,1
DA:73,1
DA:74,1
DA:75,1
DA:76,1
DA:77,1
DA:78,1
DA:79,1
DA:80,1
DA:81,1
DA:82,1
DA:83,1
DA:84,1
DA:85,1
DA:86,1
DA:87,1
DA:88,1
DA:89,1
DA:90,1
DA:91,1
DA:92,1
DA:93,1
DA:94,1
DA:95,1
DA:96,1
LF:96
LH:81
BRDA:1,0,0,1
BRDA:7,1,0,1
BRDA:11,2,0,2
BRDA:31,3,0,1
BRDA:37,4,0,0
BRDA:61,5,0,1
BRDA:63,6,0,0
BRDA:74,7,0,1
BRDA:82,8,0,1
BRF:9
BRH:7
end_of_record
TN:
SF:src/servers/LocalServer.mjs
FN:7,<instance_members_initializer>
FN:13,LocalServer
FN:30,setConfig
FN:45,getApp
FN:50,addActivationPayloads
FN:67,start
FNF:6
FNH:4
FNDA:1,<instance_members_initializer>
FNDA:1,LocalServer
FNDA:0,setConfig
FNDA:1,getApp
FNDA:1,addActivationPayloads
FNDA:0,start
DA:1,1
DA:2,1
DA:3,1
DA:4,1
DA:5,1
DA:6,1
DA:7,1
DA:8,1
DA:9,1
DA:10,1
DA:11,1
DA:12,1
DA:13,1
DA:14,1
DA:15,1
DA:16,1
DA:17,1
DA:18,1
DA:19,1
DA:20,1
DA:21,1
DA:22,1
DA:23,1
DA:24,1
DA:25,1
DA:26,1
DA:27,1
DA:28,1
DA:29,1
DA:30,1
DA:31,0
DA:32,0
DA:33,0
DA:34,0
DA:35,0
DA:36,0
DA:37,0
DA:38,0
DA:39,0
DA:40,0
DA:41,0
DA:42,0
DA:43,1
DA:44,1
DA:45,1
DA:46,1
DA:47,1
DA:48,1
DA:49,1
DA:50,1
DA:51,1
DA:52,1
DA:53,2
DA:54,2
DA:55,2
DA:56,2
DA:57,2
DA:58,2
DA:59,2
DA:60,2
DA:61,1
DA:62,1
DA:63,1
DA:64,1
DA:65,1
DA:66,1
DA:67,1
DA:68,0
DA:69,0
DA:70,0
DA:71,0
DA:72,1
DA:73,1
DA:74,1
LF:74
LH:58
BRDA:1,0,0,1
BRDA:7,1,0,1
BRDA:13,2,0,1
BRDA:45,3,0,1
BRDA:50,4,0,1
BRDA:52,5,0,2
BRF:6
BRH:6
end_of_record
TN:
SF:src/servers/RemoteServer.mjs
FN:12,<instance_members_initializer>
FN:21,RemoteServer
FN:44,setConfig
FN:61,getEvents
FN:66,getApp
FN:71,getMcps
FN:76,prepareRoutesActivationPayloads
FN:103,start
FN:163,#initRoute
FN:167,authMiddleware
FN:290,#bearerAuthMiddleware
FN:295,#sendEvent
FN:302,#validationStart
FNF:13
FNH:9
FNDA:2,<instance_members_initializer>
FNDA:2,RemoteServer
FNDA:0,setConfig
FNDA:2,getEvents
FNDA:2,getApp
FNDA:2,getMcps
FNDA:2,prepareRoutesActivationPayloads
FNDA:1,start
FNDA:2,#initRoute
FNDA:0,authMiddleware
FNDA:0,#bearerAuthMiddleware
FNDA:0,#sendEvent
FNDA:1,#validationStart
DA:1,1
DA:2,1
DA:3,1
DA:4,1
DA:5,1
DA:6,1
DA:7,1
DA:8,1
DA:9,1
DA:10,1
DA:11,1
DA:12,1
DA:13,2
DA:14,2
DA:15,2
DA:16,2
DA:17,2
DA:18,2
DA:19,2
DA:20,2
DA:21,2
DA:22,2
DA:23,2
DA:24,2
DA:25,2
DA:26,2
DA:27,2
DA:28,2
DA:29,2
DA:30,2
DA:31,2
DA:32,2
DA:33,2
DA:34,2
DA:35,2
DA:36,2
DA:37,2
DA:38,2
DA:39,2
DA:40,2
DA:41,2
DA:42,2
DA:43,2
DA:44,2
DA:45,0
DA:46,0
DA:47,0
DA:48,0
DA:49,0
DA:50,0
DA:51,0
DA:52,0
DA:53,0
DA:54,0
DA:55,0
DA:56,0
DA:57,0
DA:58,0
DA:59,2
DA:60,2
DA:61,2
DA:62,2
DA:63,2
DA:64,2
DA:65,2
DA:66,2
DA:67,2
DA:68,2
DA:69,2
DA:70,2
DA:71,2
DA:72,2
DA:73,2
DA:74,2
DA:75,2
DA:76,2
DA:77,2
DA:78,2
DA:79,3
DA:80,3
DA:81,3
DA:82,3
DA:83,3
DA:84,3
DA:85,3
DA:86,9
DA:87,9
DA:88,3
DA:89,3
DA:90,3
DA:91,3
DA:92,3
DA:93,3
DA:94,3
DA:95,3
DA:96,3
DA:97,2
DA:98,2
DA:99,2
DA:100,2
DA:101,2
DA:102,2
DA:103,2
DA:104,1
DA:105,1
DA:106,1
DA:107,1
DA:108,1
DA:109,1
DA:110,1
DA:111,1
DA:112,1
DA:113,0
DA:114,0
DA:115,1
DA:116,1
DA:117,1
DA:118,2
DA:119,2
DA:120,2
DA:121,2
DA:122,2
DA:123,2
DA:124,2
DA:125,1
DA:126,1
DA:127,1
DA:128,1
DA:129,0
DA:130,0
DA:131,0
DA:132,0
DA:133,0
DA:134,0
DA:135,0
DA:136,0
DA:137,0
DA:138,0
DA:139,0
DA:140,0
DA:141,0
DA:142,0
DA:143,0
DA:144,0
DA:145,0
DA:146,0
DA:147,0
DA:148,0
DA:149,0
DA:150,0
DA:151,0
DA:152,0
DA:153,0
DA:154,0
DA:155,0
DA:156,0
DA:157,1
DA:158,1
DA:159,1
DA:160,1
DA:161,2
DA:162,2
DA:163,2
DA:164,2
DA:165,2
DA:166,2
DA:167,2
DA:168,0
DA:169,0
DA:170,0
DA:171,0
DA:172,0
DA:173,0
DA:174,0
DA:175,0
DA:176,0
DA:177,0
DA:178,0
DA:179,0
DA:180,0
DA:181,2
DA:182,2
DA:183,1
DA:184,1
DA:185,1
DA:186,0
DA:187,0
DA:188,0
DA:189,0
DA:190,0
DA:191,0
DA:192,0
DA:193,0
DA:194,0
DA:195,0
DA:196,0
DA:197,0
DA:198,0
DA:199,0
DA:200,0
DA:201,0
DA:202,0
DA:203,0
DA:204,0
DA:205,0
DA:206,0
DA:207,0
DA:208,0
DA:209,0
DA:210,0
DA:211,0
DA:212,0
DA:213,0
DA:214,0
DA:215,0
DA:216,0
DA:217,0
DA:218,0
DA:219,0
DA:220,0
DA:221,0
DA:222,0
DA:223,1
DA:224,1
DA:225,1
DA:226,0
DA:227,0
DA:228,0
DA:229,0
DA:230,0
DA:231,0
DA:232,0
DA:233,0
DA:234,0
DA:235,0
DA:236,0
DA:237,0
DA:238,0
DA:239,0
DA:240,0
DA:241,0
DA:242,0
DA:243,0
DA:244,0
DA:245,0
DA:246,0
DA:247,1
DA:248,1
DA:249,2
DA:250,2
DA:251,1
DA:252,0
DA:253,0
DA:254,0
DA:255,0
DA:256,0
DA:257,0
DA:258,0
DA:259,0
DA:260,0
DA:261,0
DA:262,0
DA:263,0
DA:264,0
DA:265,0
DA:266,0
DA:267,0
DA:268,0
DA:269,0
DA:270,0
DA:271,0
DA:272,0
DA:273,0
DA:274,0
DA:275,0
DA:276,0
DA:277,0
DA:278,0
DA:279,0
DA:280,0
DA:281,0
DA:282,0
DA:283,1
DA:284,1
DA:285,2
DA:286,2
DA:287,2
DA:288,2
DA:289,2
DA:290,2
DA:291,0
DA:292,0
DA:293,2
DA:294,2
DA:295,2
DA:296,0
DA:297,0
DA:298,0
DA:299,0
DA:300,2
DA:301,2
DA:302,2
DA:303,1
DA:304,1
DA:305,1
DA:306,0
DA:307,1
DA:308,0
DA:309,0
DA:310,1
DA:311,1
DA:312,0
DA:313,0
DA:314,1
DA:315,1
DA:316,0
DA:317,0
DA:318,1
DA:319,1
DA:320,0
DA:321,0
DA:322,1
DA:323,1
DA:324,1
DA:325,2
DA:326,2
DA:327,2
DA:328,2
DA:329,2
DA:330,2
DA:331,2
DA:332,2
DA:333,2
DA:334,6
DA:335,0
DA:336,6
DA:337,0
DA:338,6
DA:339,0
DA:340,6
DA:341,0
DA:342,0
DA:343,2
DA:344,2
DA:345,2
DA:346,0
DA:347,0
DA:348,1
DA:349,1
DA:350,1
DA:351,1
DA:352,1
DA:353,1
DA:354,2
DA:355,1
DA:356,1
DA:357,1
LF:357
LH:189
BRDA:1,0,0,1
BRDA:12,1,0,2
BRDA:21,2,0,2
BRDA:61,3,0,2
BRDA:66,4,0,2
BRDA:71,5,0,2
BRDA:76,6,0,2
BRDA:78,7,0,3
BRDA:91,8,0,0
BRDA:85,9,0,9
BRDA:86,10,0,0
BRDA:103,11,0,1
BRDA:104,12,0,0
BRDA:105,13,0,0
BRDA:112,14,0,0
BRDA:117,15,0,2
BRDA:127,16,0,1
BRDA:128,17,0,0
BRDA:163,18,0,2
BRDA:164,19,0,0
BRDA:182,20,0,1
BRDA:250,21,0,1
BRDA:302,22,0,1
BRDA:305,23,0,0
BRDA:307,24,0,0
BRDA:311,25,0,0
BRDA:315,26,0,0
BRDA:319,27,0,0
BRDA:324,28,0,2
BRDA:345,29,0,0
BRDA:333,30,0,6
BRDA:334,31,0,0
BRDA:336,32,0,2
BRDA:336,33,0,0
BRDA:338,34,0,4
BRDA:338,35,0,0
BRDA:340,36,0,4
BRDA:340,37,0,2
BRDA:340,38,0,0
BRF:39
BRH:22
end_of_record
TN:
SF:src/task/Parameters.mjs
FN:5,getArgvConfig
FN:59,getParameters
FN:85,#getServerArgvParameters
FN:115,#getEnvObject
FN:161,#printError
FNF:5
FNH:4
FNDA:38,getArgvConfig
FNDA:17,getParameters
FNDA:34,#getServerArgvParameters
FNDA:17,#getEnvObject
FNDA:0,#printError
DA:1,2
DA:2,2
DA:3,2
DA:4,2
DA:5,2
DA:6,38
DA:7,38
DA:8,38
DA:9,38
DA:10,38
DA:11,38
DA:12,38
DA:13,38
DA:14,38
DA:15,38
DA:16,38
DA:17,38
DA:18,38
DA:19,38
DA:20,38
DA:21,38
DA:22,38
DA:23,38
DA:24,38
DA:25,38
DA:26,38
DA:27,38
DA:28,38
DA:29,38
DA:30,38
DA:31,38
DA:32,38
DA:33,38
DA:34,38
DA:35,38
DA:36,38
DA:37,38
DA:38,38
DA:39,38
DA:40,38
DA:41,38
DA:42,38
DA:43,38
DA:44,38
DA:45,38
DA:46,38
DA:47,38
DA:48,38
DA:49,38
DA:50,38
DA:51,1
DA:52,1
DA:53,37
DA:54,37
DA:55,37
DA:56,38
DA:57,2
DA:58,2
DA:59,2
DA:60,17
DA:61,17
DA:62,17
DA:63,17
DA:64,17
DA:65,17
DA:66,17
DA:67,17
DA:68,17
DA:69,17
DA:70,17
DA:71,17
DA:72,17
DA:73,17
DA:74,17
DA:75,17
DA:76,17
DA:77,17
DA:78,17
DA:79,17
DA:80,17
DA:81,17
DA:82,17
DA:83,2
DA:84,2
DA:85,2
DA:86,34
DA:87,34
DA:88,34
DA:89,34
DA:90,34
DA:91,34
DA:92,198
DA:93,198
DA:94,198
DA:95,169
DA:96,169
DA:97,169
DA:98,29
DA:99,198
DA:100,11
DA:101,10
DA:102,29
DA:103,29
DA:104,29
DA:105,29
DA:106,34
DA:107,34
DA:108,0
DA:109,34
DA:110,34
DA:111,34
DA:112,34
DA:113,2
DA:114,2
DA:115,2
DA:116,17
DA:117,17
DA:118,17
DA:119,17
DA:120,17
DA:121,17
DA:122,17
DA:123,17
DA:124,17
DA:125,17
DA:126,17
DA:127,17
DA:128,17
DA:129,17
DA:130,16
DA:131,16
DA:132,16
DA:133,16
DA:134,128
DA:135,128
DA:136,128
DA:137,16
DA:138,16
DA:139,16
DA:140,17
DA:141,1
DA:142,1
DA:143,1
DA:144,17
DA:145,0
DA:146,0
DA:147,17
DA:148,17
DA:149,17
DA:150,17
DA:151,17
DA:152,0
DA:153,0
DA:154,0
DA:155,17
DA:156,17
DA:157,17
DA:158,17
DA:159,2
DA:160,2
DA:161,2
DA:162,0
DA:163,0
DA:164,0
DA:165,0
DA:166,2
DA:167,2
DA:168,2
DA:169,2
LF:169
LH:159
BRDA:1,0,0,2
BRDA:5,1,0,38
BRDA:50,2,0,1
BRDA:53,3,0,37
BRDA:59,4,0,17
BRDA:65,5,0,0
BRDA:70,6,0,0
BRDA:77,7,0,0
BRDA:85,8,0,34
BRDA:107,9,0,0
BRDA:91,10,0,198
BRDA:94,11,0,169
BRDA:98,12,0,29
BRDA:99,13,0,18
BRDA:100,14,0,11
BRDA:100,15,0,1
BRDA:100,16,0,10
BRDA:101,17,0,1
BRDA:102,18,0,29
BRDA:93,19,0,711
BRDA:115,20,0,17
BRDA:129,21,0,16
BRDA:140,22,0,1
BRDA:144,23,0,0
BRDA:149,24,0,0
BRDA:121,25,0,35
BRDA:125,26,0,7
BRDA:125,27,0,0
BRDA:125,28,0,0
BRDA:133,29,0,128
BRDA:135,30,0,119
BRDA:135,31,0,119
BRF:32
BRH:24
end_of_record
